Fri Mar 30 2018 16:13:32 GMT+0200 (W. Europe Daylight Time): GET /
Fri Mar 30 2018 16:13:50 GMT+0200 (W. Europe Daylight Time): GET /
Fri Mar 30 2018 16:20:13 GMT+0200 (W. Europe Daylight Time): GET /
Fri Mar 30 2018 16:21:11 GMT+0200 (W. Europe Daylight Time): GET /
Fri Mar 30 2018 16:21:16 GMT+0200 (W. Europe Daylight Time): GET /help.html
Tue Apr 03 2018 11:17:44 GMT+0200 (W. Europe Daylight Time): GET /
Tue Apr 03 2018 11:17:46 GMT+0200 (W. Europe Daylight Time): GET /favicon.ico
Tue Apr 03 2018 11:17:59 GMT+0200 (W. Europe Daylight Time): GET /
Tue Apr 03 2018 11:18:00 GMT+0200 (W. Europe Daylight Time): GET /favicon.ico
Tue Apr 03 2018 11:19:36 GMT+0200 (W. Europe Daylight Time): GET /
Tue Apr 03 2018 11:19:37 GMT+0200 (W. Europe Daylight Time): GET /favicon.ico
Tue Apr 03 2018 12:27:59 GMT+0200 (W. Europe Daylight Time): GET /
Tue Apr 03 2018 12:28:01 GMT+0200 (W. Europe Daylight Time): GET /projects
Tue Apr 03 2018 12:28:02 GMT+0200 (W. Europe Daylight Time): GET /projects
Tue Apr 03 2018 12:28:03 GMT+0200 (W. Europe Daylight Time): GET /projects
Tue Apr 03 2018 12:28:04 GMT+0200 (W. Europe Daylight Time): GET /projects
Tue Apr 03 2018 12:28:07 GMT+0200 (W. Europe Daylight Time): GET /about
Tue Apr 03 2018 12:28:08 GMT+0200 (W. Europe Daylight Time): GET /projects
Tue Apr 03 2018 12:28:09 GMT+0200 (W. Europe Daylight Time): GET /
Tue Apr 03 2018 13:41:45 GMT+0200 (W. Europe Daylight Time): GET /api/json?tree=jobs[name,builds[number,result,building]%7B0,3%7D,jobs[name,builds[number,result,building]%7B0,3%7D,jobs[name,builds[number,result,building]%7B0,3%7D,jobs[name,builds[number,result,building]%7B0,3%7D,jobs[name,builds[number,result,building]%7B0,3%7D,jobs[name,builds[number,result,building]%7B0,3%7D]]]]]]
Tue Apr 03 2018 13:41:49 GMT+0200 (W. Europe Daylight Time): GET /api/json?tree=jobs[name,builds[number,result,building]%7B0,3%7D,jobs[name,builds[number,result,building]%7B0,3%7D,jobs[name,builds[number,result,building]%7B0,3%7D,jobs[name,builds[number,result,building]%7B0,3%7D,jobs[name,builds[number,result,building]%7B0,3%7D,jobs[name,builds[number,result,building]%7B0,3%7D]]]]]]
Tue Apr 03 2018 13:41:51 GMT+0200 (W. Europe Daylight Time): GET /
Tue Apr 03 2018 13:41:52 GMT+0200 (W. Europe Daylight Time): GET /favicon.ico
